<?xml version="1.0" encoding="UTF-8"?>
<!-- Generated by org.testng.reporters.JUnitReportReporter -->
<testsuite skipped="0" hostname="2016-20170725SS" name="practicetwo.LaunchIE" tests="1" failures="0" timestamp="27 二月 2018 07:19:18 GMT" time="5.240" errors="0">
  <testcase name="searchOnBaidu" time="5.240" classname="practicetwo.LaunchIE"/>
</testsuite> <!-- practicetwo.LaunchIE -->
