<?xml version="1.0" encoding="UTF-8"?>
<!-- Generated by org.testng.reporters.JUnitReportReporter -->
<testsuite skipped="0" hostname="2016-20170725SS" name="practiceFive.testCase" tests="1" failures="0" timestamp="01 三月 2018 04:09:07 GMT" time="48.539" errors="0">
  <testcase name="selectItemFromDropDownList" time="48.539" classname="practiceFive.testCase"/>
</testsuite> <!-- practiceFive.testCase -->
