<?xml version="1.0" encoding="UTF-8"?>
<!-- Generated by org.testng.reporters.JUnitReportReporter -->
<testsuite skipped="0" hostname="2016-20170725SS" name="practicetwo.launchChrome" tests="1" failures="0" timestamp="27 二月 2018 07:38:30 GMT" time="6.175" errors="0">
  <testcase name="searchOnBaiduChrome" time="6.175" classname="practicetwo.launchChrome"/>
</testsuite> <!-- practicetwo.launchChrome -->
