<?xml version="1.0" encoding="UTF-8"?>
<!-- Generated by org.testng.reporters.JUnitReportReporter -->
<testsuite skipped="0" hostname="2016-20170725SS" name="qq" tests="2" failures="0" timestamp="27 二月 2018 07:59:59 GMT" time="0.008" errors="0">
  <testcase name="test3" time="0.001" classname="qq"/>
  <testcase name="test2" time="0.007" classname="qq"/>
</testsuite> <!-- qq -->
