<?xml version="1.0" encoding="UTF-8"?>
<!-- Generated by org.testng.reporters.JUnitReportReporter -->
<testsuite skipped="0" hostname="2016-20170725SS" name="practiceFour.Practice1OnTestNG" tests="1" failures="0" timestamp="27 二月 2018 10:35:57 GMT" time="0.020" errors="0">
  <testcase name="test" time="0.020" classname="practiceFour.Practice1OnTestNG"/>
</testsuite> <!-- practiceFour.Practice1OnTestNG -->
