<?xml version="1.0" encoding="UTF-8"?>
<!-- Generated by org.testng.reporters.JUnitReportReporter -->
<testsuite skipped="0" hostname="2016-20170725SS" name="launch.TestBrowsers" tests="1" failures="0" timestamp="27 二月 2018 09:56:12 GMT" time="11.657" errors="0">
  <testcase name="start" time="11.657" classname="launch.TestBrowsers"/>
</testsuite> <!-- launch.TestBrowsers -->
