<?xml version="1.0" encoding="UTF-8"?>
<!-- Generated by org.testng.reporters.JUnitReportReporter -->
<testsuite skipped="0" hostname="2016-20170725SS" name="practiceFour.Practice2OnTestNG" tests="1" failures="0" timestamp="27 二月 2018 17:00:47 GMT" time="13.728" errors="0">
  <testcase name="accessMail" time="13.728" classname="practiceFour.Practice2OnTestNG"/>
</testsuite> <!-- practiceFour.Practice2OnTestNG -->
