<?xml version="1.0" encoding="UTF-8"?>
<!-- Generated by org.testng.reporters.JUnitReportReporter -->
<testsuite skipped="0" hostname="2016-20170725SS" name="practicetwo.launchFF" tests="1" failures="0" timestamp="27 二月 2018 07:37:31 GMT" time="11.132" errors="0">
  <testcase name="searchOnQQMails" time="11.132" classname="practicetwo.launchFF"/>
</testsuite> <!-- practicetwo.launchFF -->
