<?xml version="1.0" encoding="UTF-8"?>
<!-- Generated by org.testng.reporters.JUnitReportReporter -->
<testsuite skipped="0" hostname="2016-20170725SS" name="launch.MutipleBrowsers" tests="2" failures="0" timestamp="27 二月 2018 10:48:11 GMT" time="6.788" errors="0">
  <testcase name="method3" time="1.566" classname="launch.MutipleBrowsers"/>
  <testcase name="method2" time="5.222" classname="launch.MutipleBrowsers"/>
</testsuite> <!-- launch.MutipleBrowsers -->
